Excluded timepoints defaultdict(<class 'list'>, {'21C_2N_R1': [384, 400], 'pH7_3_2N_R1': [8], 'FLC4_2N_R1': [8], 'CLM_alpha_R1': [56], '02M_NaCl_2N_R1': [176], 'YPD_2N_R1': [8], '08M_NaCl_2N_R1': [8], 'FLC4_alpha_R1': [160, 8]})
02M_NaCl_2N_R1 [0, 8, 64, 72, 80, 88, 96, 104, 112, 128, 144, 160, 192, 216, 240, 256, 272, 288, 304, 320, 336, 352, 368, 384, 400, 416, 440]
02M_NaCl_alpha_R1 [0, 8, 72, 88, 104, 120, 136, 160, 192, 240]
08M_NaCl_2N_R1 [0, 16, 24, 32, 40, 48, 56, 64]
08M_NaCl_alpha_R1 [0, 8, 72, 88, 104, 120, 136, 160, 192, 240]
CLM_2N_R1 [0, 8, 16, 24, 32, 40, 48, 56]
CLM_alpha_R1 [0, 8, 16, 24, 32, 40, 48, 64, 88, 104, 136, 160, 192, 240]
FLC4_2N_R1 [0, 16, 24, 32, 40, 48, 56, 64, 88, 96, 136, 152, 176, 216]
FLC4_alpha_R1 [0, 16, 24, 32, 40, 48, 56, 64, 72, 88, 104, 120, 136, 192, 240]
FLC32_2N_R1 [0, 8, 64, 72, 80, 88, 96, 112, 192]
FLC32_alpha_R1 [0, 8, 72, 104, 136]
M3_2N_R1 [0, 128, 144, 160, 216]
M3_alpha_R1 [0, 8, 72, 88, 104, 120, 136, 160, 192, 240]
21C_2N_R1 [0, 8, 64, 72, 80, 88, 96, 104, 112, 128, 144, 160, 176, 192, 216, 240, 352, 368, 416, 440]
21C_alpha_R1 [0, 8, 72, 88, 104, 120, 136, 160, 192, 240]
GlyEtOH_2N_R1 [0, 64, 72, 80, 88, 96, 104, 112, 120, 128, 136, 152, 168]
GlyEtOH_alpha_R1 [0, 8, 72, 88, 104, 120, 136, 160, 192, 240]
37C_2N_R1 [8, 80, 120, 160, 200, 240, 280, 320]
37C_2N_R2 [8, 80, 120, 160, 200, 240, 280, 320]
YPD_2N_R1 [80, 120, 160, 200, 240, 280, 320]
YPD_2N_R2 [8, 80, 120, 160, 200, 240, 280, 320]
SC_2N_R1 [120, 200, 240, 280, 320]
SC_2N_R2 [8, 200, 240, 280, 320]
48Hr_2N_R1 [120, 160, 200, 280, 320]
48Hr_2N_R2 [120, 200, 240, 280, 320]
pH7_3_2N_R1 [80, 120, 160, 200, 240, 280, 320]
pH7_3_2N_R2 [8, 80, 120, 160, 200, 240, 280, 320]
pH3_8_2N_R1 [120, 160, 200, 240, 280]
pH3_8_2N_R2 [8, 120, 160, 200]
